[ 2015-12-04T12:50:56+08:00 ] 127.0.0.1 /
INFO: [ app_init ] --START--
INFO: Run Behavior\BuildLiteBehavior [ RunTime:0.000116s ]
INFO: [ app_init ] --END-- [ RunTime:0.002467s ]
INFO: [ app_begin ] --START--
INFO: Run Behavior\ReadHtmlCacheBehavior [ RunTime:0.002789s ]
INFO: Run Behavior\CheckLangBehavior [ RunTime:0.006141s ]
INFO: [ app_begin ] --END-- [ RunTime:0.009884s ]
NOTIC: [8] Use of undefined constant user_id - assumed 'user_id' D:\DownloadProgram\PHP\wamp\www\TPDemo\SNSDemo\App\Home\Controller\IndexController.class.php 第 51 行.

[ 2015-12-04T12:50:56+08:00 ] 127.0.0.1 /index.php/Home/Index/login.html
INFO: [ app_init ] --START--
INFO: Run Behavior\BuildLiteBehavior [ RunTime:0.000216s ]
INFO: [ app_init ] --END-- [ RunTime:0.002763s ]
INFO: [ app_begin ] --START--
INFO: Run Behavior\ReadHtmlCacheBehavior [ RunTime:0.002568s ]
INFO: Run Behavior\CheckLangBehavior [ RunTime:0.004068s ]
INFO: [ app_begin ] --END-- [ RunTime:0.007684s ]
NOTIC: [8] Undefined index: user_email D:\DownloadProgram\PHP\wamp\www\TPDemo\SNSDemo\App\Home\Controller\IndexController.class.php 第 13 行.
NOTIC: [8] Undefined index: user_password D:\DownloadProgram\PHP\wamp\www\TPDemo\SNSDemo\App\Home\Controller\IndexController.class.php 第 14 行.
SQL: SHOW COLUMNS FROM `sns_user` [ RunTime:0.0233s ]
SQL: SELECT * FROM `sns_user` WHERE ( user_email='' ) LIMIT 1   [ RunTime:0.0020s ]
SQL: SELECT * FROM `sns_user` WHERE ( user_password='d41d8cd98f00b204e9800998ecf8427e' ) LIMIT 1   [ RunTime:0.0018s ]
INFO: [ view_parse ] --START--
INFO: [ template_filter ] --START--
INFO: Run Behavior\ContentReplaceBehavior [ RunTime:0.000397s ]
INFO: [ template_filter ] --END-- [ RunTime:0.001197s ]
INFO: Run Behavior\ParseTemplateBehavior [ RunTime:0.030190s ]
INFO: [ view_parse ] --END-- [ RunTime:0.030815s ]
INFO: [ view_filter ] --START--
INFO: Run Behavior\WriteHtmlCacheBehavior [ RunTime:0.001962s ]
INFO: [ view_filter ] --END-- [ RunTime:0.002475s ]
INFO: [ app_end ] --START--
INFO: Run Behavior\ShowPageTraceBehavior [ RunTime:0.002708s ]
INFO: [ app_end ] --END-- [ RunTime:0.003220s ]

[ 2015-12-04T12:51:20+08:00 ] 127.0.0.1 /index.php/Home/Index/login.html
INFO: [ app_init ] --START--
INFO: Run Behavior\BuildLiteBehavior [ RunTime:0.000195s ]
INFO: [ app_init ] --END-- [ RunTime:0.002671s ]
INFO: [ app_begin ] --START--
INFO: Run Behavior\ReadHtmlCacheBehavior [ RunTime:0.002553s ]
INFO: Run Behavior\CheckLangBehavior [ RunTime:0.005234s ]
INFO: [ app_begin ] --END-- [ RunTime:0.009006s ]
SQL: SHOW COLUMNS FROM `sns_user` [ RunTime:0.0181s ]
SQL: SELECT * FROM `sns_user` WHERE ( user_email='zx920123@sina.cn' ) LIMIT 1   [ RunTime:0.0027s ]
SQL: SELECT * FROM `sns_user` WHERE ( user_password='e10adc3949ba59abbe56e057f20f883e' ) LIMIT 1   [ RunTime:0.0017s ]
SQL: SELECT `user_id` FROM `sns_user` WHERE ( user_email='zx920123@sina.cn' ) LIMIT 1   [ RunTime:0.0016s ]
NOTIC: [8] Use of undefined constant user_id - assumed 'user_id' D:\DownloadProgram\PHP\wamp\www\TPDemo\SNSDemo\App\Home\Controller\IndexController.class.php 第 25 行.

[ 2015-12-04T12:51:20+08:00 ] 127.0.0.1 /index.php/Home/Index/index.html
INFO: [ app_init ] --START--
INFO: Run Behavior\BuildLiteBehavior [ RunTime:0.000179s ]
INFO: [ app_init ] --END-- [ RunTime:0.002340s ]
INFO: [ app_begin ] --START--
INFO: Run Behavior\ReadHtmlCacheBehavior [ RunTime:0.002704s ]
INFO: Run Behavior\CheckLangBehavior [ RunTime:0.005506s ]
INFO: [ app_begin ] --END-- [ RunTime:0.009667s ]
NOTIC: [8] Use of undefined constant user_id - assumed 'user_id' D:\DownloadProgram\PHP\wamp\www\TPDemo\SNSDemo\App\Home\Controller\IndexController.class.php 第 51 行.
SQL: SHOW COLUMNS FROM `sns_user` [ RunTime:0.0245s ]
SQL: SHOW COLUMNS FROM `sns_comment` [ RunTime:0.0282s ]
SQL: SELECT * FROM `sns_user` WHERE ( user_id=464768 ) LIMIT 1   [ RunTime:0.0041s ]
SQL: SELECT * FROM `sns_comment` INNER JOIN sns_user on sns_comment.user_id=sns_user.user_id   [ RunTime:0.0033s ]
INFO: [ view_parse ] --START--
INFO: [ template_filter ] --START--
INFO: Run Behavior\ContentReplaceBehavior [ RunTime:0.000419s ]
INFO: [ template_filter ] --END-- [ RunTime:0.001092s ]
NOTIC: [8] Use of undefined constant user_id - assumed 'user_id' D:\DownloadProgram\PHP\wamp\www\TPDemo\SNSDemo\App\Runtime\Cache\Home\91b3e39c136338f90b09dba9f9d80e1e.php 第 207 行.
NOTIC: [8] Use of undefined constant user_id - assumed 'user_id' D:\DownloadProgram\PHP\wamp\www\TPDemo\SNSDemo\App\Runtime\Cache\Home\91b3e39c136338f90b09dba9f9d80e1e.php 第 207 行.
INFO: Run Behavior\ParseTemplateBehavior [ RunTime:0.060034s ]
INFO: [ view_parse ] --END-- [ RunTime:0.061023s ]
INFO: [ view_filter ] --START--
INFO: Run Behavior\WriteHtmlCacheBehavior [ RunTime:0.002091s ]
INFO: [ view_filter ] --END-- [ RunTime:0.002611s ]
NOTIC: [2] Cannot modify header information - headers already sent by (output started at D:\DownloadProgram\PHP\wamp\www\TPDemo\SNSDemo\App\Home\Controller\IndexController.class.php:66) D:\DownloadProgram\PHP\wamp\www\TPDemo\ThinkPHP\Library\Think\View.class.php 第 91 行.
NOTIC: [2] Cannot modify header information - headers already sent by (output started at D:\DownloadProgram\PHP\wamp\www\TPDemo\SNSDemo\App\Home\Controller\IndexController.class.php:66) D:\DownloadProgram\PHP\wamp\www\TPDemo\ThinkPHP\Library\Think\View.class.php 第 92 行.
NOTIC: [2] Cannot modify header information - headers already sent by (output started at D:\DownloadProgram\PHP\wamp\www\TPDemo\SNSDemo\App\Home\Controller\IndexController.class.php:66) D:\DownloadProgram\PHP\wamp\www\TPDemo\ThinkPHP\Library\Think\View.class.php 第 93 行.
INFO: [ app_end ] --START--
INFO: Run Behavior\ShowPageTraceBehavior [ RunTime:0.003934s ]
INFO: [ app_end ] --END-- [ RunTime:0.005051s ]

[ 2015-12-04T12:52:08+08:00 ] 127.0.0.1 /index.php/Home/Index/index.html
INFO: [ app_init ] --START--
INFO: Run Behavior\BuildLiteBehavior [ RunTime:0.000136s ]
INFO: [ app_init ] --END-- [ RunTime:0.002692s ]
INFO: [ app_begin ] --START--
INFO: Run Behavior\ReadHtmlCacheBehavior [ RunTime:0.003032s ]
INFO: Run Behavior\CheckLangBehavior [ RunTime:0.004763s ]
INFO: [ app_begin ] --END-- [ RunTime:0.008800s ]
NOTIC: [8] Use of undefined constant user_id - assumed 'user_id' D:\DownloadProgram\PHP\wamp\www\TPDemo\SNSDemo\App\Home\Controller\IndexController.class.php 第 51 行.
SQL: SHOW COLUMNS FROM `sns_user` [ RunTime:0.0244s ]
SQL: SHOW COLUMNS FROM `sns_comment` [ RunTime:0.0301s ]
SQL: SELECT * FROM `sns_user` WHERE ( user_id=464768 ) LIMIT 1   [ RunTime:0.0028s ]
SQL: SELECT * FROM `sns_comment` INNER JOIN sns_user on sns_comment.user_id=sns_user.user_id   [ RunTime:0.0030s ]
INFO: [ view_parse ] --START--
INFO: [ template_filter ] --START--
INFO: Run Behavior\ContentReplaceBehavior [ RunTime:0.001081s ]
INFO: [ template_filter ] --END-- [ RunTime:0.003056s ]
NOTIC: [8] Use of undefined constant user_id - assumed 'user_id' D:\DownloadProgram\PHP\wamp\www\TPDemo\SNSDemo\App\Runtime\Cache\Home\91b3e39c136338f90b09dba9f9d80e1e.php 第 207 行.
NOTIC: [8] Use of undefined constant user_id - assumed 'user_id' D:\DownloadProgram\PHP\wamp\www\TPDemo\SNSDemo\App\Runtime\Cache\Home\91b3e39c136338f90b09dba9f9d80e1e.php 第 207 行.
INFO: Run Behavior\ParseTemplateBehavior [ RunTime:0.099496s ]
INFO: [ view_parse ] --END-- [ RunTime:0.100165s ]
INFO: [ view_filter ] --START--
INFO: Run Behavior\WriteHtmlCacheBehavior [ RunTime:0.005400s ]
INFO: [ view_filter ] --END-- [ RunTime:0.006562s ]
NOTIC: [2] Cannot modify header information - headers already sent by (output started at D:\DownloadProgram\PHP\wamp\www\TPDemo\SNSDemo\App\Home\Controller\IndexController.class.php:66) D:\DownloadProgram\PHP\wamp\www\TPDemo\ThinkPHP\Library\Think\View.class.php 第 91 行.
NOTIC: [2] Cannot modify header information - headers already sent by (output started at D:\DownloadProgram\PHP\wamp\www\TPDemo\SNSDemo\App\Home\Controller\IndexController.class.php:66) D:\DownloadProgram\PHP\wamp\www\TPDemo\ThinkPHP\Library\Think\View.class.php 第 92 行.
NOTIC: [2] Cannot modify header information - headers already sent by (output started at D:\DownloadProgram\PHP\wamp\www\TPDemo\SNSDemo\App\Home\Controller\IndexController.class.php:66) D:\DownloadProgram\PHP\wamp\www\TPDemo\ThinkPHP\Library\Think\View.class.php 第 93 行.
INFO: [ app_end ] --START--
INFO: Run Behavior\ShowPageTraceBehavior [ RunTime:0.008546s ]
INFO: [ app_end ] --END-- [ RunTime:0.010493s ]

[ 2015-12-04T12:53:02+08:00 ] 127.0.0.1 /index.php/Home/Index/index.html
INFO: [ app_init ] --START--
INFO: Run Behavior\BuildLiteBehavior [ RunTime:0.000118s ]
INFO: [ app_init ] --END-- [ RunTime:0.002338s ]
INFO: [ app_begin ] --START--
INFO: Run Behavior\ReadHtmlCacheBehavior [ RunTime:0.002998s ]
INFO: Run Behavior\CheckLangBehavior [ RunTime:0.005792s ]
INFO: [ app_begin ] --END-- [ RunTime:0.010099s ]
NOTIC: [8] Use of undefined constant user_id - assumed 'user_id' D:\DownloadProgram\PHP\wamp\www\TPDemo\SNSDemo\App\Home\Controller\IndexController.class.php 第 51 行.
SQL: SHOW COLUMNS FROM `sns_user` [ RunTime:0.0227s ]
SQL: SHOW COLUMNS FROM `sns_comment` [ RunTime:0.0205s ]
SQL: SELECT * FROM `sns_user` WHERE ( user_id=464768 ) LIMIT 1   [ RunTime:0.0022s ]
SQL: SELECT * FROM `sns_comment` INNER JOIN sns_user on sns_comment.user_id=sns_user.user_id   [ RunTime:0.0024s ]
INFO: [ view_parse ] --START--
INFO: [ template_filter ] --START--
INFO: Run Behavior\ContentReplaceBehavior [ RunTime:0.000420s ]
INFO: [ template_filter ] --END-- [ RunTime:0.000973s ]
NOTIC: [8] Use of undefined constant user_id - assumed 'user_id' D:\DownloadProgram\PHP\wamp\www\TPDemo\SNSDemo\App\Runtime\Cache\Home\91b3e39c136338f90b09dba9f9d80e1e.php 第 207 行.
NOTIC: [8] Use of undefined constant user_id - assumed 'user_id' D:\DownloadProgram\PHP\wamp\www\TPDemo\SNSDemo\App\Runtime\Cache\Home\91b3e39c136338f90b09dba9f9d80e1e.php 第 207 行.
NOTIC: [8] Use of undefined constant user_id - assumed 'user_id' D:\DownloadProgram\PHP\wamp\www\TPDemo\SNSDemo\App\Runtime\Cache\Home\91b3e39c136338f90b09dba9f9d80e1e.php 第 207 行.
INFO: Run Behavior\ParseTemplateBehavior [ RunTime:0.054920s ]
INFO: [ view_parse ] --END-- [ RunTime:0.055646s ]
INFO: [ view_filter ] --START--
INFO: Run Behavior\WriteHtmlCacheBehavior [ RunTime:0.001992s ]
INFO: [ view_filter ] --END-- [ RunTime:0.002581s ]
NOTIC: [2] Cannot modify header information - headers already sent by (output started at D:\DownloadProgram\PHP\wamp\www\TPDemo\SNSDemo\App\Home\Controller\IndexController.class.php:66) D:\DownloadProgram\PHP\wamp\www\TPDemo\ThinkPHP\Library\Think\View.class.php 第 91 行.
NOTIC: [2] Cannot modify header information - headers already sent by (output started at D:\DownloadProgram\PHP\wamp\www\TPDemo\SNSDemo\App\Home\Controller\IndexController.class.php:66) D:\DownloadProgram\PHP\wamp\www\TPDemo\ThinkPHP\Library\Think\View.class.php 第 92 行.
NOTIC: [2] Cannot modify header information - headers already sent by (output started at D:\DownloadProgram\PHP\wamp\www\TPDemo\SNSDemo\App\Home\Controller\IndexController.class.php:66) D:\DownloadProgram\PHP\wamp\www\TPDemo\ThinkPHP\Library\Think\View.class.php 第 93 行.
INFO: [ app_end ] --START--
INFO: Run Behavior\ShowPageTraceBehavior [ RunTime:0.008827s ]
INFO: [ app_end ] --END-- [ RunTime:0.010696s ]

[ 2015-12-04T12:53:59+08:00 ] 127.0.0.1 /index.php/Home/Index/index.html
INFO: [ app_init ] --START--
INFO: Run Behavior\BuildLiteBehavior [ RunTime:0.000113s ]
INFO: [ app_init ] --END-- [ RunTime:0.001986s ]
INFO: [ app_begin ] --START--
INFO: Run Behavior\ReadHtmlCacheBehavior [ RunTime:0.004767s ]
INFO: Run Behavior\CheckLangBehavior [ RunTime:0.005310s ]
INFO: [ app_begin ] --END-- [ RunTime:0.011802s ]
NOTIC: [8] Use of undefined constant user_id - assumed 'user_id' D:\DownloadProgram\PHP\wamp\www\TPDemo\SNSDemo\App\Home\Controller\IndexController.class.php 第 51 行.
SQL: SHOW COLUMNS FROM `sns_user` [ RunTime:0.0206s ]
SQL: SHOW COLUMNS FROM `sns_comment` [ RunTime:0.0236s ]
SQL: SELECT * FROM `sns_user` WHERE ( user_id=464768 ) LIMIT 1   [ RunTime:0.0025s ]
SQL: SELECT * FROM `sns_comment` INNER JOIN sns_user on sns_comment.user_id=sns_user.user_id   [ RunTime:0.0036s ]
INFO: [ view_parse ] --START--
INFO: [ template_filter ] --START--
INFO: Run Behavior\ContentReplaceBehavior [ RunTime:0.000430s ]
INFO: [ template_filter ] --END-- [ RunTime:0.000976s ]
NOTIC: [8] Use of undefined constant user_id - assumed 'user_id' D:\DownloadProgram\PHP\wamp\www\TPDemo\SNSDemo\App\Runtime\Cache\Home\91b3e39c136338f90b09dba9f9d80e1e.php 第 207 行.
NOTIC: [8] Use of undefined constant user_id - assumed 'user_id' D:\DownloadProgram\PHP\wamp\www\TPDemo\SNSDemo\App\Runtime\Cache\Home\91b3e39c136338f90b09dba9f9d80e1e.php 第 207 行.
NOTIC: [8] Use of undefined constant user_id - assumed 'user_id' D:\DownloadProgram\PHP\wamp\www\TPDemo\SNSDemo\App\Runtime\Cache\Home\91b3e39c136338f90b09dba9f9d80e1e.php 第 207 行.
INFO: Run Behavior\ParseTemplateBehavior [ RunTime:0.051574s ]
INFO: [ view_parse ] --END-- [ RunTime:0.052148s ]
INFO: [ view_filter ] --START--
INFO: Run Behavior\WriteHtmlCacheBehavior [ RunTime:0.002570s ]
INFO: [ view_filter ] --END-- [ RunTime:0.003119s ]
NOTIC: [2] Cannot modify header information - headers already sent by (output started at D:\DownloadProgram\PHP\wamp\www\TPDemo\SNSDemo\App\Home\Controller\IndexController.class.php:66) D:\DownloadProgram\PHP\wamp\www\TPDemo\ThinkPHP\Library\Think\View.class.php 第 91 行.
NOTIC: [2] Cannot modify header information - headers already sent by (output started at D:\DownloadProgram\PHP\wamp\www\TPDemo\SNSDemo\App\Home\Controller\IndexController.class.php:66) D:\DownloadProgram\PHP\wamp\www\TPDemo\ThinkPHP\Library\Think\View.class.php 第 92 行.
NOTIC: [2] Cannot modify header information - headers already sent by (output started at D:\DownloadProgram\PHP\wamp\www\TPDemo\SNSDemo\App\Home\Controller\IndexController.class.php:66) D:\DownloadProgram\PHP\wamp\www\TPDemo\ThinkPHP\Library\Think\View.class.php 第 93 行.
INFO: [ app_end ] --START--
INFO: Run Behavior\ShowPageTraceBehavior [ RunTime:0.003456s ]
INFO: [ app_end ] --END-- [ RunTime:0.004636s ]

[ 2015-12-04T12:54:20+08:00 ] 127.0.0.1 /index.php/Home/Index/logout
INFO: [ app_init ] --START--
INFO: Run Behavior\BuildLiteBehavior [ RunTime:0.000119s ]
INFO: [ app_init ] --END-- [ RunTime:0.002385s ]
INFO: [ app_begin ] --START--
INFO: Run Behavior\ReadHtmlCacheBehavior [ RunTime:0.002884s ]
INFO: Run Behavior\CheckLangBehavior [ RunTime:0.004802s ]
INFO: [ app_begin ] --END-- [ RunTime:0.008640s ]
NOTIC: [8] Use of undefined constant user_id - assumed 'user_id' D:\DownloadProgram\PHP\wamp\www\TPDemo\SNSDemo\App\Home\Controller\IndexController.class.php 第 98 行.

[ 2015-12-04T12:54:20+08:00 ] 127.0.0.1 /index.php/Home/Index/login.html
INFO: [ app_init ] --START--
INFO: Run Behavior\BuildLiteBehavior [ RunTime:0.000141s ]
INFO: [ app_init ] --END-- [ RunTime:0.002555s ]
INFO: [ app_begin ] --START--
INFO: Run Behavior\ReadHtmlCacheBehavior [ RunTime:0.002295s ]
INFO: Run Behavior\CheckLangBehavior [ RunTime:0.005874s ]
INFO: [ app_begin ] --END-- [ RunTime:0.009158s ]
NOTIC: [8] Undefined index: user_email D:\DownloadProgram\PHP\wamp\www\TPDemo\SNSDemo\App\Home\Controller\IndexController.class.php 第 13 行.
NOTIC: [8] Undefined index: user_password D:\DownloadProgram\PHP\wamp\www\TPDemo\SNSDemo\App\Home\Controller\IndexController.class.php 第 14 行.
SQL: SHOW COLUMNS FROM `sns_user` [ RunTime:0.0230s ]
SQL: SELECT * FROM `sns_user` WHERE ( user_email='' ) LIMIT 1   [ RunTime:0.0022s ]
SQL: SELECT * FROM `sns_user` WHERE ( user_password='d41d8cd98f00b204e9800998ecf8427e' ) LIMIT 1   [ RunTime:0.0019s ]
INFO: [ view_parse ] --START--
INFO: [ template_filter ] --START--
INFO: Run Behavior\ContentReplaceBehavior [ RunTime:0.000370s ]
INFO: [ template_filter ] --END-- [ RunTime:0.001007s ]
INFO: Run Behavior\ParseTemplateBehavior [ RunTime:0.030832s ]
INFO: [ view_parse ] --END-- [ RunTime:0.031621s ]
INFO: [ view_filter ] --START--
INFO: Run Behavior\WriteHtmlCacheBehavior [ RunTime:0.002366s ]
INFO: [ view_filter ] --END-- [ RunTime:0.003315s ]
INFO: [ app_end ] --START--
INFO: Run Behavior\ShowPageTraceBehavior [ RunTime:0.004148s ]
INFO: [ app_end ] --END-- [ RunTime:0.005071s ]

[ 2015-12-04T12:54:30+08:00 ] 127.0.0.1 /index.php/Home/Index/login.html
INFO: [ app_init ] --START--
INFO: Run Behavior\BuildLiteBehavior [ RunTime:0.000136s ]
INFO: [ app_init ] --END-- [ RunTime:0.002366s ]
INFO: [ app_begin ] --START--
INFO: Run Behavior\ReadHtmlCacheBehavior [ RunTime:0.002640s ]
INFO: Run Behavior\CheckLangBehavior [ RunTime:0.004293s ]
INFO: [ app_begin ] --END-- [ RunTime:0.007910s ]
SQL: SHOW COLUMNS FROM `sns_user` [ RunTime:0.0211s ]
SQL: SELECT * FROM `sns_user` WHERE ( user_email='zx920123@hotmail.com' ) LIMIT 1   [ RunTime:0.0020s ]
SQL: SELECT * FROM `sns_user` WHERE ( user_password='202cb962ac59075b964b07152d234b70' ) LIMIT 1   [ RunTime:0.0016s ]
SQL: SELECT `user_id` FROM `sns_user` WHERE ( user_email='zx920123@hotmail.com' ) LIMIT 1   [ RunTime:0.0017s ]
NOTIC: [8] Use of undefined constant user_id - assumed 'user_id' D:\DownloadProgram\PHP\wamp\www\TPDemo\SNSDemo\App\Home\Controller\IndexController.class.php 第 25 行.

[ 2015-12-04T12:54:30+08:00 ] 127.0.0.1 /index.php/Home/Index/index.html
INFO: [ app_init ] --START--
INFO: Run Behavior\BuildLiteBehavior [ RunTime:0.000251s ]
INFO: [ app_init ] --END-- [ RunTime:0.002861s ]
INFO: [ app_begin ] --START--
INFO: Run Behavior\ReadHtmlCacheBehavior [ RunTime:0.002364s ]
INFO: Run Behavior\CheckLangBehavior [ RunTime:0.005206s ]
INFO: [ app_begin ] --END-- [ RunTime:0.009802s ]
NOTIC: [8] Use of undefined constant user_id - assumed 'user_id' D:\DownloadProgram\PHP\wamp\www\TPDemo\SNSDemo\App\Home\Controller\IndexController.class.php 第 51 行.
SQL: SHOW COLUMNS FROM `sns_user` [ RunTime:0.0218s ]
SQL: SHOW COLUMNS FROM `sns_comment` [ RunTime:0.0255s ]
SQL: SELECT * FROM `sns_user` WHERE ( user_id=4 ) LIMIT 1   [ RunTime:0.0021s ]
SQL: SELECT * FROM `sns_comment` INNER JOIN sns_user on sns_comment.user_id=sns_user.user_id   [ RunTime:0.0025s ]
INFO: [ view_parse ] --START--
INFO: [ template_filter ] --START--
INFO: Run Behavior\ContentReplaceBehavior [ RunTime:0.000407s ]
INFO: [ template_filter ] --END-- [ RunTime:0.001137s ]
NOTIC: [8] Use of undefined constant user_id - assumed 'user_id' D:\DownloadProgram\PHP\wamp\www\TPDemo\SNSDemo\App\Runtime\Cache\Home\91b3e39c136338f90b09dba9f9d80e1e.php 第 207 行.
NOTIC: [8] Use of undefined constant user_id - assumed 'user_id' D:\DownloadProgram\PHP\wamp\www\TPDemo\SNSDemo\App\Runtime\Cache\Home\91b3e39c136338f90b09dba9f9d80e1e.php 第 207 行.
NOTIC: [8] Use of undefined constant user_id - assumed 'user_id' D:\DownloadProgram\PHP\wamp\www\TPDemo\SNSDemo\App\Runtime\Cache\Home\91b3e39c136338f90b09dba9f9d80e1e.php 第 207 行.
INFO: Run Behavior\ParseTemplateBehavior [ RunTime:0.059025s ]
INFO: [ view_parse ] --END-- [ RunTime:0.059572s ]
INFO: [ view_filter ] --START--
INFO: Run Behavior\WriteHtmlCacheBehavior [ RunTime:0.002151s ]
INFO: [ view_filter ] --END-- [ RunTime:0.002692s ]
NOTIC: [2] Cannot modify header information - headers already sent by (output started at D:\DownloadProgram\PHP\wamp\www\TPDemo\SNSDemo\App\Home\Controller\IndexController.class.php:66) D:\DownloadProgram\PHP\wamp\www\TPDemo\ThinkPHP\Library\Think\View.class.php 第 91 行.
NOTIC: [2] Cannot modify header information - headers already sent by (output started at D:\DownloadProgram\PHP\wamp\www\TPDemo\SNSDemo\App\Home\Controller\IndexController.class.php:66) D:\DownloadProgram\PHP\wamp\www\TPDemo\ThinkPHP\Library\Think\View.class.php 第 92 行.
NOTIC: [2] Cannot modify header information - headers already sent by (output started at D:\DownloadProgram\PHP\wamp\www\TPDemo\SNSDemo\App\Home\Controller\IndexController.class.php:66) D:\DownloadProgram\PHP\wamp\www\TPDemo\ThinkPHP\Library\Think\View.class.php 第 93 行.
INFO: [ app_end ] --START--
INFO: Run Behavior\ShowPageTraceBehavior [ RunTime:0.004135s ]
INFO: [ app_end ] --END-- [ RunTime:0.005338s ]

[ 2015-12-04T13:00:42+08:00 ] 127.0.0.1 /index.php/Home/Index/index.html
INFO: [ app_init ] --START--
INFO: Run Behavior\BuildLiteBehavior [ RunTime:0.000134s ]
INFO: [ app_init ] --END-- [ RunTime:0.002144s ]
INFO: [ app_begin ] --START--
INFO: Run Behavior\ReadHtmlCacheBehavior [ RunTime:0.004406s ]
INFO: Run Behavior\CheckLangBehavior [ RunTime:0.007051s ]
INFO: [ app_begin ] --END-- [ RunTime:0.012920s ]
NOTIC: [8] Use of undefined constant user_id - assumed 'user_id' D:\DownloadProgram\PHP\wamp\www\TPDemo\SNSDemo\App\Home\Controller\IndexController.class.php 第 51 行.
SQL: SHOW COLUMNS FROM `sns_user` [ RunTime:0.0225s ]
SQL: SHOW COLUMNS FROM `sns_comment` [ RunTime:0.0223s ]
SQL: SELECT * FROM `sns_user` WHERE ( user_id=4 ) LIMIT 1   [ RunTime:0.0022s ]
SQL: SELECT * FROM `sns_comment` INNER JOIN sns_user on sns_comment.user_id=sns_user.user_id   [ RunTime:0.0024s ]
INFO: [ view_parse ] --START--
INFO: [ template_filter ] --START--
INFO: Run Behavior\ContentReplaceBehavior [ RunTime:0.000759s ]
INFO: [ template_filter ] --END-- [ RunTime:0.002058s ]
NOTIC: [8] Use of undefined constant user_id - assumed 'user_id' D:\DownloadProgram\PHP\wamp\www\TPDemo\SNSDemo\App\Runtime\Cache\Home\91b3e39c136338f90b09dba9f9d80e1e.php 第 207 行.
NOTIC: [8] Use of undefined constant user_id - assumed 'user_id' D:\DownloadProgram\PHP\wamp\www\TPDemo\SNSDemo\App\Runtime\Cache\Home\91b3e39c136338f90b09dba9f9d80e1e.php 第 207 行.
NOTIC: [8] Use of undefined constant user_id - assumed 'user_id' D:\DownloadProgram\PHP\wamp\www\TPDemo\SNSDemo\App\Runtime\Cache\Home\91b3e39c136338f90b09dba9f9d80e1e.php 第 207 行.
INFO: Run Behavior\ParseTemplateBehavior [ RunTime:0.054706s ]
INFO: [ view_parse ] --END-- [ RunTime:0.055247s ]
INFO: [ view_filter ] --START--
INFO: Run Behavior\WriteHtmlCacheBehavior [ RunTime:0.002132s ]
INFO: [ view_filter ] --END-- [ RunTime:0.002652s ]
NOTIC: [2] Cannot modify header information - headers already sent by (output started at D:\DownloadProgram\PHP\wamp\www\TPDemo\SNSDemo\App\Home\Controller\IndexController.class.php:66) D:\DownloadProgram\PHP\wamp\www\TPDemo\ThinkPHP\Library\Think\View.class.php 第 91 行.
NOTIC: [2] Cannot modify header information - headers already sent by (output started at D:\DownloadProgram\PHP\wamp\www\TPDemo\SNSDemo\App\Home\Controller\IndexController.class.php:66) D:\DownloadProgram\PHP\wamp\www\TPDemo\ThinkPHP\Library\Think\View.class.php 第 92 行.
NOTIC: [2] Cannot modify header information - headers already sent by (output started at D:\DownloadProgram\PHP\wamp\www\TPDemo\SNSDemo\App\Home\Controller\IndexController.class.php:66) D:\DownloadProgram\PHP\wamp\www\TPDemo\ThinkPHP\Library\Think\View.class.php 第 93 行.
INFO: [ app_end ] --START--
INFO: Run Behavior\ShowPageTraceBehavior [ RunTime:0.005142s ]
INFO: [ app_end ] --END-- [ RunTime:0.006178s ]

